TN:
SF:assets/js/3d-environment.js
FN:5,(anonymous_0)
FN:20,(anonymous_1)
FN:38,(anonymous_2)
FN:44,(anonymous_3)
FN:51,(anonymous_4)
FN:63,(anonymous_5)
FN:85,(anonymous_6)
FN:125,(anonymous_7)
FN:176,(anonymous_8)
FN:184,(anonymous_9)
FN:212,(anonymous_10)
FN:220,(anonymous_11)
FN:225,(anonymous_12)
FN:259,(anonymous_13)
FN:372,(anonymous_14)
FN:386,(anonymous_15)
FN:394,(anonymous_16)
FN:421,(anonymous_17)
FN:437,(anonymous_18)
FN:449,(anonymous_19)
FN:486,(anonymous_20)
FN:530,(anonymous_21)
FN:545,(anonymous_22)
FN:575,(anonymous_23)
FN:590,(anonymous_24)
FN:620,(anonymous_25)
FN:633,(anonymous_26)
FN:663,(anonymous_27)
FN:694,(anonymous_28)
FN:739,(anonymous_29)
FN:754,(anonymous_30)
FN:784,(anonymous_31)
FN:799,(anonymous_32)
FN:829,(anonymous_33)
FN:852,(anonymous_34)
FN:866,(anonymous_35)
FN:868,(anonymous_36)
FN:873,(anonymous_37)
FN:878,(anonymous_38)
FN:883,(anonymous_39)
FN:891,(anonymous_40)
FN:910,(anonymous_41)
FN:915,(anonymous_42)
FN:918,(anonymous_43)
FN:919,(anonymous_44)
FN:930,(anonymous_45)
FN:970,(anonymous_46)
FN:996,(anonymous_47)
FN:1001,(anonymous_48)
FN:1009,(anonymous_49)
FN:1018,(anonymous_50)
FN:1029,(anonymous_51)
FN:1037,(anonymous_52)
FN:1044,(anonymous_53)
FN:1045,(anonymous_54)
FN:1059,(anonymous_55)
FN:1068,(anonymous_56)
FN:1110,(anonymous_57)
FN:1116,(anonymous_58)
FN:1126,(anonymous_59)
FN:1136,(anonymous_60)
FN:1140,(anonymous_61)
FN:1151,(anonymous_62)
FN:1162,(anonymous_63)
FN:1173,(anonymous_64)
FN:1177,(anonymous_65)
FN:1185,(anonymous_66)
FN:1194,(anonymous_67)
FN:1205,(anonymous_68)
FN:1216,(anonymous_69)
FNF:70
FNH:1
FNDA:23,(anonymous_0)
FNDA:0,(anonymous_1)
FNDA:0,(anonymous_2)
FNDA:0,(anonymous_3)
FNDA:0,(anonymous_4)
FNDA:0,(anonymous_5)
FNDA:0,(anonymous_6)
FNDA:0,(anonymous_7)
FNDA:0,(anonymous_8)
FNDA:0,(anonymous_9)
FNDA:0,(anonymous_10)
FNDA:0,(anonymous_11)
FNDA:0,(anonymous_12)
FNDA:0,(anonymous_13)
FNDA:0,(anonymous_14)
FNDA:0,(anonymous_15)
FNDA:0,(anonymous_16)
FNDA:0,(anonymous_17)
FNDA:0,(anonymous_18)
FNDA:0,(anonymous_19)
FNDA:0,(anonymous_20)
FNDA:0,(anonymous_21)
FNDA:0,(anonymous_22)
FNDA:0,(anonymous_23)
FNDA:0,(anonymous_24)
FNDA:0,(anonymous_25)
FNDA:0,(anonymous_26)
FNDA:0,(anonymous_27)
FNDA:0,(anonymous_28)
FNDA:0,(anonymous_29)
FNDA:0,(anonymous_30)
FNDA:0,(anonymous_31)
FNDA:0,(anonymous_32)
FNDA:0,(anonymous_33)
FNDA:0,(anonymous_34)
FNDA:0,(anonymous_35)
FNDA:0,(anonymous_36)
FNDA:0,(anonymous_37)
FNDA:0,(anonymous_38)
FNDA:0,(anonymous_39)
FNDA:0,(anonymous_40)
FNDA:0,(anonymous_41)
FNDA:0,(anonymous_42)
FNDA:0,(anonymous_43)
FNDA:0,(anonymous_44)
FNDA:0,(anonymous_45)
FNDA:0,(anonymous_46)
FNDA:0,(anonymous_47)
FNDA:0,(anonymous_48)
FNDA:0,(anonymous_49)
FNDA:0,(anonymous_50)
FNDA:0,(anonymous_51)
FNDA:0,(anonymous_52)
FNDA:0,(anonymous_53)
FNDA:0,(anonymous_54)
FNDA:0,(anonymous_55)
FNDA:0,(anonymous_56)
FNDA:0,(anonymous_57)
FNDA:0,(anonymous_58)
FNDA:0,(anonymous_59)
FNDA:0,(anonymous_60)
FNDA:0,(anonymous_61)
FNDA:0,(anonymous_62)
FNDA:0,(anonymous_63)
FNDA:0,(anonymous_64)
FNDA:0,(anonymous_65)
FNDA:0,(anonymous_66)
FNDA:0,(anonymous_67)
FNDA:0,(anonymous_68)
FNDA:0,(anonymous_69)
DA:2,2
DA:6,23
DA:7,23
DA:8,23
DA:9,23
DA:10,23
DA:11,23
DA:12,23
DA:13,23
DA:14,0
DA:15,0
DA:17,0
DA:21,0
DA:22,0
DA:25,0
DA:26,0
DA:27,0
DA:28,0
DA:29,0
DA:30,0
DA:31,0
DA:32,0
DA:33,0
DA:35,0
DA:39,0
DA:40,0
DA:41,0
DA:45,0
DA:46,0
DA:47,0
DA:48,0
DA:52,0
DA:57,0
DA:58,0
DA:59,0
DA:60,0
DA:65,0
DA:66,0
DA:69,0
DA:70,0
DA:71,0
DA:72,0
DA:73,0
DA:74,0
DA:77,0
DA:78,0
DA:79,0
DA:82,0
DA:86,0
DA:87,0
DA:88,0
DA:89,0
DA:91,0
DA:93,0
DA:94,0
DA:95,0
DA:97,0
DA:98,0
DA:99,0
DA:102,0
DA:103,0
DA:105,0
DA:106,0
DA:107,0
DA:110,0
DA:111,0
DA:113,0
DA:121,0
DA:122,0
DA:127,0
DA:128,0
DA:133,0
DA:134,0
DA:135,0
DA:136,0
DA:139,0
DA:142,0
DA:145,0
DA:149,0
DA:150,0
DA:151,0
DA:154,0
DA:158,0
DA:159,0
DA:160,0
DA:161,0
DA:163,0
DA:167,0
DA:168,0
DA:169,0
DA:170,0
DA:173,0
DA:178,0
DA:179,0
DA:184,0
DA:185,0
DA:186,0
DA:187,0
DA:188,0
DA:189,0
DA:191,0
DA:192,0
DA:193,0
DA:194,0
DA:195,0
DA:197,0
DA:198,0
DA:204,0
DA:205,0
DA:206,0
DA:207,0
DA:208,0
DA:214,0
DA:220,0
DA:221,0
DA:226,0
DA:229,0
DA:230,0
DA:231,0
DA:232,0
DA:233,0
DA:234,0
DA:235,0
DA:240,0
DA:241,0
DA:242,0
DA:243,0
DA:244,0
DA:246,0
DA:247,0
DA:248,0
DA:249,0
DA:254,0
DA:255,0
DA:256,0
DA:261,0
DA:264,0
DA:265,0
DA:270,0
DA:271,0
DA:272,0
DA:273,0
DA:276,0
DA:277,0
DA:282,0
DA:283,0
DA:284,0
DA:285,0
DA:288,0
DA:289,0
DA:294,0
DA:295,0
DA:296,0
DA:297,0
DA:300,0
DA:301,0
DA:306,0
DA:307,0
DA:308,0
DA:309,0
DA:312,0
DA:313,0
DA:319,0
DA:320,0
DA:321,0
DA:322,0
DA:323,0
DA:325,0
DA:326,0
DA:327,0
DA:328,0
DA:329,0
DA:332,0
DA:333,0
DA:338,0
DA:339,0
DA:340,0
DA:341,0
DA:342,0
DA:345,0
DA:346,0
DA:353,0
DA:354,0
DA:355,0
DA:356,0
DA:359,0
DA:362,0
DA:365,0
DA:366,0
DA:368,0
DA:369,0
DA:374,0
DA:375,0
DA:381,0
DA:382,0
DA:383,0
DA:388,0
DA:389,0
DA:394,0
DA:395,0
DA:396,0
DA:397,0
DA:398,0
DA:399,0
DA:401,0
DA:402,0
DA:403,0
DA:404,0
DA:405,0
DA:407,0
DA:408,0
DA:414,0
DA:415,0
DA:416,0
DA:417,0
DA:423,0
DA:437,0
DA:438,0
DA:439,0
DA:444,0
DA:445,0
DA:450,0
DA:453,0
DA:455,0
DA:456,0
DA:458,0
DA:459,0
DA:461,0
DA:462,0
DA:464,0
DA:465,0
DA:467,0
DA:468,0
DA:470,0
DA:471,0
DA:473,0
DA:474,0
DA:476,0
DA:477,0
DA:479,0
DA:482,0
DA:483,0
DA:488,0
DA:489,0
DA:494,0
DA:495,0
DA:498,0
DA:499,0
DA:506,0
DA:507,0
DA:508,0
DA:511,0
DA:512,0
DA:520,0
DA:525,0
DA:526,0
DA:532,0
DA:533,0
DA:540,0
DA:541,0
DA:544,0
DA:545,0
DA:546,0
DA:547,0
DA:548,0
DA:549,0
DA:551,0
DA:552,0
DA:553,0
DA:554,0
DA:555,0
DA:557,0
DA:558,0
DA:564,0
DA:565,0
DA:566,0
DA:571,0
DA:577,0
DA:578,0
DA:585,0
DA:586,0
DA:589,0
DA:590,0
DA:591,0
DA:592,0
DA:593,0
DA:594,0
DA:596,0
DA:597,0
DA:598,0
DA:599,0
DA:600,0
DA:602,0
DA:603,0
DA:609,0
DA:610,0
DA:611,0
DA:616,0
DA:622,0
DA:623,0
DA:628,0
DA:629,0
DA:632,0
DA:633,0
DA:634,0
DA:635,0
DA:636,0
DA:637,0
DA:639,0
DA:640,0
DA:641,0
DA:642,0
DA:643,0
DA:645,0
DA:646,0
DA:652,0
DA:653,0
DA:654,0
DA:659,0
DA:665,0
DA:666,0
DA:673,0
DA:674,0
DA:677,0
DA:678,0
DA:679,0
DA:684,0
DA:685,0
DA:690,0
DA:696,0
DA:697,0
DA:702,0
DA:703,0
DA:706,0
DA:707,0
DA:708,0
DA:709,0
DA:710,0
DA:711,0
DA:712,0
DA:714,0
DA:715,0
DA:716,0
DA:717,0
DA:718,0
DA:720,0
DA:721,0
DA:727,0
DA:728,0
DA:729,0
DA:734,0
DA:741,0
DA:742,0
DA:749,0
DA:750,0
DA:753,0
DA:754,0
DA:755,0
DA:756,0
DA:757,0
DA:758,0
DA:760,0
DA:761,0
DA:762,0
DA:763,0
DA:764,0
DA:766,0
DA:767,0
DA:773,0
DA:774,0
DA:775,0
DA:780,0
DA:786,0
DA:787,0
DA:794,0
DA:795,0
DA:798,0
DA:799,0
DA:800,0
DA:801,0
DA:802,0
DA:803,0
DA:805,0
DA:806,0
DA:807,0
DA:808,0
DA:809,0
DA:811,0
DA:812,0
DA:818,0
DA:819,0
DA:820,0
DA:825,0
DA:831,0
DA:832,0
DA:836,0
DA:837,0
DA:838,0
DA:841,0
DA:842,0
DA:846,0
DA:847,0
DA:848,0
DA:849,0
DA:853,0
DA:863,0
DA:868,0
DA:869,0
DA:873,0
DA:874,0
DA:878,0
DA:879,0
DA:884,0
DA:885,0
DA:886,0
DA:888,0
DA:892,0
DA:893,0
DA:894,0
DA:896,0
DA:897,0
DA:899,0
DA:900,0
DA:903,0
DA:905,0
DA:911,0
DA:914,0
DA:915,0
DA:916,0
DA:918,0
DA:919,0
DA:920,0
DA:921,0
DA:924,0
DA:927,0
DA:930,0
DA:931,0
DA:932,0
DA:933,0
DA:937,0
DA:938,0
DA:941,0
DA:942,0
DA:943,0
DA:946,0
DA:947,0
DA:948,0
DA:949,0
DA:950,0
DA:952,0
DA:956,0
DA:957,0
DA:960,0
DA:961,0
DA:962,0
DA:966,0
DA:971,0
DA:972,0
DA:973,0
DA:974,0
DA:976,0
DA:977,0
DA:978,0
DA:981,0
DA:982,0
DA:983,0
DA:986,0
DA:987,0
DA:990,0
DA:991,0
DA:993,0
DA:997,0
DA:998,0
DA:1002,0
DA:1003,0
DA:1006,0
DA:1011,0
DA:1012,0
DA:1015,0
DA:1016,0
DA:1018,0
DA:1019,0
DA:1020,0
DA:1021,0
DA:1025,0
DA:1030,0
DA:1031,0
DA:1032,0
DA:1034,0
DA:1038,0
DA:1039,0
DA:1040,0
DA:1041,0
DA:1045,0
DA:1047,0
DA:1050,0
DA:1052,0
DA:1055,0
DA:1056,0
DA:1059,0
DA:1060,0
DA:1062,0
DA:1063,0
DA:1068,0
DA:1070,0
DA:1073,0
DA:1074,0
DA:1077,0
DA:1078,0
DA:1082,0
DA:1086,0
DA:1087,0
DA:1088,0
DA:1092,0
DA:1093,0
DA:1094,0
DA:1096,0
DA:1099,0
DA:1100,0
DA:1101,0
DA:1102,0
DA:1104,0
DA:1107,0
DA:1111,0
DA:1113,0
DA:1116,0
DA:1117,0
DA:1119,0
DA:1120,0
DA:1122,0
DA:1126,0
DA:1127,0
DA:1129,0
DA:1130,0
DA:1132,0
DA:1136,0
DA:1137,0
DA:1140,0
DA:1141,0
DA:1142,0
DA:1143,0
DA:1144,0
DA:1145,0
DA:1147,0
DA:1151,0
DA:1152,0
DA:1155,0
DA:1156,0
DA:1158,0
DA:1162,0
DA:1163,0
DA:1166,0
DA:1167,0
DA:1169,0
DA:1173,0
DA:1174,0
DA:1177,0
DA:1178,0
DA:1181,0
DA:1185,0
DA:1186,0
DA:1189,0
DA:1190,0
DA:1191,0
DA:1194,0
DA:1195,0
DA:1198,0
DA:1199,0
DA:1201,0
DA:1205,0
DA:1206,0
DA:1209,0
DA:1210,0
DA:1212,0
DA:1217,0
DA:1218,0
DA:1220,0
LF:577
LH:9
BRDA:21,0,0,0
BRDA:21,0,1,0
BRDA:453,1,0,0
BRDA:453,1,1,0
BRDA:453,1,2,0
BRDA:453,1,3,0
BRDA:453,1,4,0
BRDA:453,1,5,0
BRDA:453,1,6,0
BRDA:453,1,7,0
BRDA:453,1,8,0
BRDA:863,2,0,0
BRDA:863,2,1,0
BRDA:899,3,0,0
BRDA:899,3,1,0
BRDA:903,4,0,0
BRDA:903,4,1,0
BRDA:903,5,0,0
BRDA:903,5,1,0
BRDA:903,5,2,0
BRDA:931,6,0,0
BRDA:931,6,1,0
BRDA:937,7,0,0
BRDA:937,7,1,0
BRDA:942,8,0,0
BRDA:942,8,1,0
BRDA:948,9,0,0
BRDA:948,9,1,0
BRDA:956,10,0,0
BRDA:956,10,1,0
BRDA:960,11,0,0
BRDA:960,11,1,0
BRDA:1032,12,0,0
BRDA:1032,12,1,0
BRDA:1050,13,0,0
BRDA:1050,13,1,0
BRDA:1060,14,0,0
BRDA:1060,14,1,0
BRDA:1062,15,0,0
BRDA:1062,15,1,0
BRDA:1074,16,0,0
BRDA:1074,16,1,0
BRDA:1077,17,0,0
BRDA:1077,17,1,0
BRDA:1086,18,0,0
BRDA:1086,18,1,0
BRDA:1092,19,0,0
BRDA:1092,19,1,0
BRDA:1113,20,0,0
BRDA:1113,20,1,0
BRDA:1113,20,2,0
BRDA:1113,20,3,0
BRDA:1113,20,4,0
BRDA:1113,20,5,0
BRDA:1113,20,6,0
BRDA:1113,20,7,0
BRDA:1117,21,0,0
BRDA:1117,21,1,0
BRDA:1119,22,0,0
BRDA:1119,22,1,0
BRDA:1127,23,0,0
BRDA:1127,23,1,0
BRDA:1129,24,0,0
BRDA:1129,24,1,0
BRDA:1129,25,0,0
BRDA:1129,25,1,0
BRDA:1137,26,0,0
BRDA:1137,26,1,0
BRDA:1137,26,2,0
BRDA:1152,27,0,0
BRDA:1152,27,1,0
BRDA:1152,27,2,0
BRDA:1155,28,0,0
BRDA:1155,28,1,0
BRDA:1155,29,0,0
BRDA:1155,29,1,0
BRDA:1163,30,0,0
BRDA:1163,30,1,0
BRDA:1163,30,2,0
BRDA:1166,31,0,0
BRDA:1166,31,1,0
BRDA:1174,32,0,0
BRDA:1174,32,1,0
BRDA:1174,32,2,0
BRDA:1178,33,0,0
BRDA:1178,33,1,0
BRDA:1186,34,0,0
BRDA:1186,34,1,0
BRDA:1186,34,2,0
BRDA:1189,35,0,0
BRDA:1189,35,1,0
BRDA:1195,36,0,0
BRDA:1195,36,1,0
BRDA:1195,36,2,0
BRDA:1198,37,0,0
BRDA:1198,37,1,0
BRDA:1198,38,0,0
BRDA:1198,38,1,0
BRDA:1206,39,0,0
BRDA:1206,39,1,0
BRDA:1206,39,2,0
BRDA:1209,40,0,0
BRDA:1209,40,1,0
BRDA:1217,41,0,0
BRDA:1217,41,1,0
BRF:105
BRH:0
end_of_record
TN:
SF:assets/js/main.js
FN:4,(anonymous_0)
FN:73,initializeCharacterPage
FN:90,checkWebGLSupport
FN:100,initialize3DEnvironment
FN:122,showLegacyVersion
FN:136,setupDialogueSystem
FN:140,(anonymous_6)
FN:148,(anonymous_7)
FN:149,(anonymous_8)
FN:156,(anonymous_9)
FN:166,switchTab
FN:169,(anonymous_11)
FN:178,(anonymous_12)
FN:186,populateCharacterData
FN:192,(anonymous_14)
FN:198,(anonymous_15)
FN:204,(anonymous_16)
FN:220,populateStats
FN:226,(anonymous_18)
FN:243,(anonymous_19)
FN:244,(anonymous_20)
FN:255,getStatDescription
FN:275,populateSkills
FN:284,(anonymous_23)
FN:305,populateWeaknessesAndStrengths
FN:337,(anonymous_25)
FN:352,(anonymous_26)
FN:353,(anonymous_27)
FN:367,(anonymous_28)
FN:382,(anonymous_29)
FN:383,(anonymous_30)
FN:396,populateEquipment
FN:405,(anonymous_32)
FN:421,(anonymous_33)
FN:422,(anonymous_34)
FN:433,populateLore
FN:457,(anonymous_36)
FN:476,(anonymous_37)
FN:485,generateStars
FN:494,formatStatName
FN:498,showStatModal
FN:511,showWeaknessModal
FN:523,showStrengthModal
FN:535,showEquipmentModal
FN:547,getStatIcon
FN:563,createModal
FN:587,setupModal
FN:697,(anonymous_47)
FN:704,(anonymous_48)
FN:711,setupInteractivity
FN:715,(anonymous_50)
FN:716,(anonymous_51)
FN:720,(anonymous_52)
FN:726,(anonymous_53)
FN:732,(anonymous_54)
FN:737,setupAccessibility
FN:756,(anonymous_56)
FN:760,(anonymous_57)
FN:775,(anonymous_58)
FN:783,debounce
FN:785,executedFunction
FN:786,(anonymous_61)
FN:796,(anonymous_62)
FN:801,(anonymous_63)
FNF:64
FNH:27
FNDA:11,(anonymous_0)
FNDA:11,initializeCharacterPage
FNDA:11,checkWebGLSupport
FNDA:0,initialize3DEnvironment
FNDA:11,showLegacyVersion
FNDA:11,setupDialogueSystem
FNDA:0,(anonymous_6)
FNDA:0,(anonymous_7)
FNDA:0,(anonymous_8)
FNDA:0,(anonymous_9)
FNDA:0,switchTab
FNDA:0,(anonymous_11)
FNDA:0,(anonymous_12)
FNDA:11,populateCharacterData
FNDA:11,(anonymous_14)
FNDA:11,(anonymous_15)
FNDA:11,(anonymous_16)
FNDA:11,populateStats
FNDA:110,(anonymous_18)
FNDA:0,(anonymous_19)
FNDA:0,(anonymous_20)
FNDA:110,getStatDescription
FNDA:11,populateSkills
FNDA:176,(anonymous_23)
FNDA:11,populateWeaknessesAndStrengths
FNDA:33,(anonymous_25)
FNDA:0,(anonymous_26)
FNDA:0,(anonymous_27)
FNDA:44,(anonymous_28)
FNDA:0,(anonymous_29)
FNDA:0,(anonymous_30)
FNDA:11,populateEquipment
FNDA:88,(anonymous_32)
FNDA:0,(anonymous_33)
FNDA:0,(anonymous_34)
FNDA:11,populateLore
FNDA:0,(anonymous_36)
FNDA:0,(anonymous_37)
FNDA:176,generateStars
FNDA:220,formatStatName
FNDA:0,showStatModal
FNDA:0,showWeaknessModal
FNDA:0,showStrengthModal
FNDA:0,showEquipmentModal
FNDA:0,getStatIcon
FNDA:0,createModal
FNDA:0,setupModal
FNDA:0,(anonymous_47)
FNDA:0,(anonymous_48)
FNDA:11,setupInteractivity
FNDA:451,(anonymous_50)
FNDA:0,(anonymous_51)
FNDA:0,(anonymous_52)
FNDA:0,(anonymous_53)
FNDA:0,(anonymous_54)
FNDA:11,setupAccessibility
FNDA:0,(anonymous_56)
FNDA:0,(anonymous_57)
FNDA:110,(anonymous_58)
FNDA:11,debounce
FNDA:0,executedFunction
FNDA:0,(anonymous_61)
FNDA:0,(anonymous_62)
FNDA:0,(anonymous_63)
DA:4,1
DA:8,11
DA:67,11
DA:68,11
DA:71,11
DA:75,11
DA:77,11
DA:78,0
DA:81,11
DA:84,11
DA:85,11
DA:86,11
DA:87,11
DA:91,11
DA:92,11
DA:93,11
DA:96,0
DA:101,0
DA:102,0
DA:105,0
DA:106,0
DA:107,0
DA:109,0
DA:110,0
DA:111,0
DA:114,0
DA:118,0
DA:124,11
DA:125,11
DA:127,11
DA:128,0
DA:131,11
DA:132,11
DA:138,11
DA:139,11
DA:140,0
DA:141,0
DA:142,0
DA:147,11
DA:148,11
DA:149,0
DA:150,0
DA:151,0
DA:156,11
DA:157,0
DA:158,0
DA:159,0
DA:160,0
DA:168,0
DA:169,0
DA:170,0
DA:171,0
DA:172,0
DA:177,0
DA:178,0
DA:179,0
DA:180,0
DA:181,0
DA:188,11
DA:189,11
DA:190,11
DA:192,11
DA:193,11
DA:194,11
DA:198,11
DA:199,11
DA:200,11
DA:204,11
DA:205,11
DA:206,11
DA:211,11
DA:212,11
DA:213,11
DA:214,11
DA:215,11
DA:216,11
DA:221,11
DA:222,11
DA:224,11
DA:226,11
DA:227,110
DA:228,110
DA:229,110
DA:230,110
DA:231,110
DA:233,110
DA:239,110
DA:240,110
DA:243,110
DA:244,110
DA:245,0
DA:246,0
DA:247,0
DA:251,110
DA:256,110
DA:269,110
DA:270,110
DA:272,110
DA:276,11
DA:277,11
DA:279,11
DA:280,11
DA:282,11
DA:284,11
DA:285,176
DA:286,176
DA:287,176
DA:289,176
DA:291,176
DA:299,176
DA:301,176
DA:307,11
DA:308,11
DA:309,11
DA:310,11
DA:311,11
DA:312,11
DA:313,11
DA:326,11
DA:330,11
DA:331,11
DA:332,11
DA:335,11
DA:336,11
DA:337,11
DA:338,33
DA:339,33
DA:340,33
DA:341,33
DA:342,33
DA:344,33
DA:349,33
DA:352,33
DA:353,33
DA:354,0
DA:355,0
DA:356,0
DA:360,33
DA:365,11
DA:366,11
DA:367,11
DA:368,44
DA:369,44
DA:370,44
DA:371,44
DA:372,44
DA:374,44
DA:379,44
DA:382,44
DA:383,44
DA:384,0
DA:385,0
DA:386,0
DA:390,44
DA:397,11
DA:398,11
DA:400,11
DA:401,11
DA:403,11
DA:405,11
DA:406,88
DA:407,88
DA:408,88
DA:409,88
DA:410,88
DA:412,88
DA:418,88
DA:421,88
DA:422,88
DA:423,0
DA:424,0
DA:425,0
DA:429,88
DA:434,11
DA:435,11
DA:437,11
DA:451,11
DA:452,11
DA:453,11
DA:454,11
DA:455,11
DA:457,11
DA:458,0
DA:460,0
DA:461,0
DA:462,0
DA:463,0
DA:464,0
DA:465,0
DA:467,0
DA:468,0
DA:469,0
DA:470,0
DA:471,0
DA:476,11
DA:477,0
DA:478,0
DA:479,0
DA:486,176
DA:487,176
DA:488,880
DA:489,880
DA:491,176
DA:495,220
DA:499,0
DA:500,0
DA:507,0
DA:508,0
DA:512,0
DA:519,0
DA:520,0
DA:524,0
DA:531,0
DA:532,0
DA:536,0
DA:543,0
DA:544,0
DA:548,0
DA:560,0
DA:564,0
DA:565,0
DA:566,0
DA:567,0
DA:568,0
DA:570,0
DA:584,0
DA:589,0
DA:590,0
DA:591,0
DA:592,0
DA:689,0
DA:693,0
DA:694,0
DA:697,0
DA:698,0
DA:701,0
DA:702,0
DA:704,0
DA:705,0
DA:706,0
DA:713,11
DA:715,11
DA:716,451
DA:717,0
DA:720,451
DA:721,0
DA:726,11
DA:727,0
DA:728,0
DA:732,11
DA:733,0
DA:739,11
DA:740,11
DA:741,11
DA:742,11
DA:743,11
DA:756,11
DA:757,0
DA:760,11
DA:761,0
DA:764,11
DA:767,11
DA:768,11
DA:769,11
DA:770,11
DA:774,11
DA:775,11
DA:776,110
DA:777,110
DA:778,110
DA:785,11
DA:786,0
DA:787,0
DA:788,0
DA:790,0
DA:791,0
DA:796,11
DA:801,11
DA:802,0
LF:279
LH:170
BRDA:77,0,0,0
BRDA:77,0,1,11
BRDA:93,1,0,11
BRDA:93,1,1,0
BRDA:93,1,2,0
BRDA:109,2,0,0
BRDA:109,2,1,0
BRDA:110,3,0,0
BRDA:110,3,1,0
BRDA:111,4,0,0
BRDA:111,4,1,0
BRDA:127,5,0,0
BRDA:127,5,1,11
BRDA:131,6,0,11
BRDA:131,6,1,0
BRDA:139,7,0,0
BRDA:139,7,1,11
BRDA:157,8,0,0
BRDA:157,8,1,0
BRDA:159,9,0,0
BRDA:159,9,1,0
BRDA:171,10,0,0
BRDA:171,10,1,0
BRDA:180,11,0,0
BRDA:180,11,1,0
BRDA:193,12,0,11
BRDA:193,12,1,0
BRDA:199,13,0,11
BRDA:199,13,1,0
BRDA:205,14,0,11
BRDA:205,14,1,0
BRDA:211,15,0,11
BRDA:211,15,1,0
BRDA:222,16,0,0
BRDA:222,16,1,11
BRDA:245,17,0,0
BRDA:245,17,1,0
BRDA:245,18,0,0
BRDA:245,18,1,0
BRDA:269,19,0,110
BRDA:269,19,1,0
BRDA:270,20,0,44
BRDA:270,20,1,66
BRDA:270,21,0,11
BRDA:270,21,1,55
BRDA:270,22,0,33
BRDA:270,22,1,22
BRDA:270,23,0,22
BRDA:270,23,1,0
BRDA:277,24,0,0
BRDA:277,24,1,11
BRDA:279,25,0,11
BRDA:279,25,1,0
BRDA:280,26,0,0
BRDA:280,26,1,11
BRDA:308,27,0,11
BRDA:308,27,1,0
BRDA:310,28,0,11
BRDA:310,28,1,0
BRDA:330,29,0,11
BRDA:330,29,1,0
BRDA:335,30,0,11
BRDA:335,30,1,0
BRDA:354,31,0,0
BRDA:354,31,1,0
BRDA:354,32,0,0
BRDA:354,32,1,0
BRDA:365,33,0,11
BRDA:365,33,1,0
BRDA:384,34,0,0
BRDA:384,34,1,0
BRDA:384,35,0,0
BRDA:384,35,1,0
BRDA:398,36,0,0
BRDA:398,36,1,11
BRDA:401,37,0,0
BRDA:401,37,1,11
BRDA:423,38,0,0
BRDA:423,38,1,0
BRDA:423,39,0,0
BRDA:423,39,1,0
BRDA:435,40,0,11
BRDA:435,40,1,0
BRDA:460,41,0,0
BRDA:460,41,1,0
BRDA:477,42,0,0
BRDA:477,42,1,0
BRDA:477,43,0,0
BRDA:477,43,1,0
BRDA:488,44,0,825
BRDA:488,44,1,55
BRDA:560,45,0,0
BRDA:560,45,1,0
BRDA:589,46,0,0
BRDA:589,46,1,0
BRDA:705,47,0,0
BRDA:705,47,1,0
BRDA:727,48,0,0
BRDA:727,48,1,0
BRDA:768,49,0,11
BRDA:768,49,1,0
BRDA:802,50,0,0
BRDA:802,50,1,0
BRF:103
BRH:32
end_of_record
